<CODE>		<LONG NAME>,			<SHORT NAME>,	<COMMENT>
"40410",	"Bharti Cellular", 		"AIRTL",	
"40420",	"Hutchison Max", 		"MAXTCH",	
"40430",	"Usha Martin", 			"COMMAND",	
"40411",	"Hutchison Essar", 		"ESSAR",
"40404",	"IDEA", 		"IDEA",
"40468",	"Dolphin", 		"Dolphin",
"40505",	"Reliance", 		"Reliance",
"405800",	"Aircel", 		"Aircel",							
"405913",	"Etisalat", 		"Etisalat",			
"45400",	"Hong Kong CSL", 		"HKTCSL",	/* Hong Kong */
"45406",	"Smartone Mobile", 		"HKSMC",	
"45404",	"Hutchison", 			"Orange",	
"45416",	"Mandarin Comm.", 		"MCL",		
"45412",	"Peoples", 			"PEOPLES",	
"45410",	"New World PCS", 		"NWPCS",							 
"46000",	"中国移动", 		"CMCC",		/* China */
"46001",	"中国联通", 		"CU-GSM",							
"46697",	"台灣大哥大",		"TWN", 		/* Taiwan */
"46688",	"KG Telecom Co.",		"KGT",		
"46601",	"遠傳電信",			"FET",		
"46692",	"中華電信", 		"Chunghwa",	
"46693",	"MoBitai Telecom", 		"MOBITAI",	
"46699",	"TransAsia", 			"TransAsia",						
"50217",	"Time Wireless", 		"ADAM",		/* Malaysia */
"50219",	"Cellular Coms.", 		"CELCOM",	
"50212",	"Binariang Coms.", 		"MAXIS",	
"50216",	"DIGI Telcom", 			"DIGI1800",							
"51501",	"Isla Coms.", 			"ISLA",		/* Philippinen */
"51502",	"Globe Telecom", 		"GLOBE",						
"52001",	"Thailand AIS", 		"TH AIS",	/* Thailand */
"52018",	"Total Access", 		"WP 1800",							
"52503",	"Mobile One Asia", 		"M1-GSM",	/* Singapore */
"52501",	"Singapore Telcom", 		"STGSM",	
"52502",	"SingTel Mobile", 		"GSM 180",	
"45416",	"PCCW", 			"PCCW", 	
"45403",	"HTIL", 			"HTIL", 	
"99999",	"Android",			"AD",		/* For Android emulator*/
"99998",	"Android1",			"",		/* For Android emulator*/
"99997",        ,				"AD1",           /* For Android emulator*/
